yarn run v1.22.19
$ /Users/claytonneal/Documents/github/veworld-mobile/node_modules/.bin/detox test --configuration ios.sim.debug --cleanup --headless --record-logs all --take-screenshots all --retry 1 --tags 'not @broken and @contacts' --parallel 4 --publish
18:49:28.077 detox[26422] B cucumber-js --retry 1 --tags not\ @broken\ and\ @contacts --parallel 4 --publish
Cannot use 'progress-bar' formatter for output to 'stdout' as not a TTY. Switching to 'progress' formatter.
18:49:30.326 detox[26434] i Starting a new Detox test session...
18:49:30.335 detox[26437] i Starting a new Detox test session...
18:49:30.342 detox[26435] i Starting a new Detox test session...
18:49:30.343 detox[26436] i Starting a new Detox test session...
18:49:52.052 detox[26437] i Detox test session started!
18:49:52.056 detox[26437] i Starting Detox test: User creates a new contact
18:49:52.152 detox[26435] i Detox test session started!
18:49:52.154 detox[26435] i Starting Detox test: User attempts to create a new contact with an invalid address
18:49:52.198 detox[26434] i Detox test session started!
18:49:52.201 detox[26434] i Starting Detox test: User attempts to create a new contact with an address of an existing contact
18:49:52.525 detox[26436] i Detox test session started!
18:49:52.529 detox[26436] i Starting Detox test: User creates a new contact and deletes it
18:49:54.477 detox[26437] i org.vechain.veworld.app launched. To watch simulator logs, run:
        /usr/bin/xcrun simctl spawn C90D6CCE-5D8F-4D4B-9FAC-E229A7A3C85E log stream --level debug --style compact --predicate 'process == "VeWorld"'
18:49:54.710 detox[26435] i org.vechain.veworld.app launched. To watch simulator logs, run:
        /usr/bin/xcrun simctl spawn 7EAF9AA5-58DE-4E2F-B3AA-5AB966808188 log stream --level debug --style compact --predicate 'process == "VeWorld"'
18:49:56.521 detox[26434] i org.vechain.veworld.app launched. To watch simulator logs, run:
        /usr/bin/xcrun simctl spawn D06E7D93-F909-44B4-B79F-8ED47DFB4602 log stream --level debug --style compact --predicate 'process == "VeWorld"'
18:49:56.528 detox[26436] i org.vechain.veworld.app launched. To watch simulator logs, run:
        /usr/bin/xcrun simctl spawn C1191A0A-E3C4-462F-AA27-4ADD305FC49A log stream --level debug --style compact --predicate 'process == "VeWorld"'
.18:49:58.819 detox[26437] i org.vechain.veworld.app launched. To watch simulator logs, run:
        /usr/bin/xcrun simctl spawn C90D6CCE-5D8F-4D4B-9FAC-E229A7A3C85E log stream --level debug --style compact --predicate 'process == "VeWorld"'
...18:50:00.588 detox[26435] i org.vechain.veworld.app launched. To watch simulator logs, run:
        /usr/bin/xcrun simctl spawn 7EAF9AA5-58DE-4E2F-B3AA-5AB966808188 log stream --level debug --style compact --predicate 'process == "VeWorld"'
18:50:01.116 detox[26436] i org.vechain.veworld.app launched. To watch simulator logs, run:
        /usr/bin/xcrun simctl spawn C1191A0A-E3C4-462F-AA27-4ADD305FC49A log stream --level debug --style compact --predicate 'process == "VeWorld"'
18:50:01.118 detox[26434] i org.vechain.veworld.app launched. To watch simulator logs, run:
        /usr/bin/xcrun simctl spawn D06E7D93-F909-44B4-B79F-8ED47DFB4602 log stream --level debug --style compact --predicate 'process == "VeWorld"'
.......................18:50:39.480 detox[26436] i Starting Detox test: User creates a new contact and edits it
.18:50:40.182 detox[26437] i Starting Detox test: User creates a new contact and attempts to edit it to an existing contact address
18:50:41.461 detox[26436] i org.vechain.veworld.app launched. To watch simulator logs, run:
        /usr/bin/xcrun simctl spawn C1191A0A-E3C4-462F-AA27-4ADD305FC49A log stream --level debug --style compact --predicate 'process == "VeWorld"'
18:50:42.213 detox[26437] i org.vechain.veworld.app launched. To watch simulator logs, run:
        /usr/bin/xcrun simctl spawn C90D6CCE-5D8F-4D4B-9FAC-E229A7A3C85E log stream --level debug --style compact --predicate 'process == "VeWorld"'
.18:50:43.185 detox[26435] i Starting Detox test: User adds many contacts and can scroll to view all of them
.18:50:44.566 detox[26436] i org.vechain.veworld.app launched. To watch simulator logs, run:
        /usr/bin/xcrun simctl spawn C1191A0A-E3C4-462F-AA27-4ADD305FC49A log stream --level debug --style compact --predicate 'process == "VeWorld"'
.18:50:45.444 detox[26435] i org.vechain.veworld.app launched. To watch simulator logs, run:
        /usr/bin/xcrun simctl spawn 7EAF9AA5-58DE-4E2F-B3AA-5AB966808188 log stream --level debug --style compact --predicate 'process == "VeWorld"'
18:50:45.587 detox[26437] i org.vechain.veworld.app launched. To watch simulator logs, run:
        /usr/bin/xcrun simctl spawn C90D6CCE-5D8F-4D4B-9FAC-E229A7A3C85E log stream --level debug --style compact --predicate 'process == "VeWorld"'
...18:50:48.107 detox[26434] i Starting cleanup Detox test session...
18:50:48.119 detox[26434] i Detox test session cleaned up!
.18:50:48.603 detox[26435] i org.vechain.veworld.app launched. To watch simulator logs, run:
        /usr/bin/xcrun simctl spawn 7EAF9AA5-58DE-4E2F-B3AA-5AB966808188 log stream --level debug --style compact --predicate 'process == "VeWorld"'
................18:51:36.279 detox[26436] i Starting cleanup Detox test session...
18:51:36.286 detox[26436] i Detox test session cleaned up!
.18:51:41.881 detox[26437] i Starting cleanup Detox test session...
18:51:41.886 detox[26437] i Detox test session cleaned up!
...18:52:37.786 detox[26435] i Starting cleanup Detox test session...
18:52:37.791 detox[26435] i Detox test session cleaned up!


7 scenarios (7 passed)
41 steps (41 passed)
3m08.604s (executing steps: 7m15.075s)
┌──────────────────────────────────────────────────────────────────────────┐
│ View your Cucumber Report at:                                            │
│ https://reports.cucumber.io/reports/85fa854d-5171-446f-bf7d-3dbd18ed0972 │
│                                                                          │
│ This report will self-destruct in 24h.                                   │
│ Keep reports forever: https://reports.cucumber.io/profile                │
└──────────────────────────────────────────────────────────────────────────┘

Done in 195.50s.
